<?xml version="1.0" encoding="UTF-8"?>
<!-- Generated by org.testng.reporters.JUnitXMLReporter -->
<testsuite hostname="LAPTOP-5DN4VF2K" ignored="4" name="Smoke Test" tests="1" failures="0" timestamp="2022-12-12T21:58:45 GMT" time="13.227" errors="0">
  <testcase name="bankManagerShouldOpenAccountSuccessfully" time="1.916" classname="com.bank.testsuite.BankPageTest"/>
  <testcase name="customerShouldLoginAndLogoutSuccessfully" time="0.0" classname="com.bank.testsuite.BankPageTest">
    <ignored/>
  </testcase> <!-- customerShouldLoginAndLogoutSuccessfully -->
  <testcase name="customerShouldDepositMoneySuccessfully" time="0.0" classname="com.bank.testsuite.BankPageTest">
    <ignored/>
  </testcase> <!-- customerShouldDepositMoneySuccessfully -->
  <testcase name="bankManagerShouldAddCustomerSuccessfully" time="0.0" classname="com.bank.testsuite.BankPageTest">
    <ignored/>
  </testcase> <!-- bankManagerShouldAddCustomerSuccessfully -->
  <testcase name="customerShouldWithdrawMoneySuccessfully" time="0.0" classname="com.bank.testsuite.BankPageTest">
    <ignored/>
  </testcase> <!-- customerShouldWithdrawMoneySuccessfully -->
</testsuite> <!-- Smoke Test -->
