<?xml version="1.0" encoding="UTF-8"?>
<!-- Generated by org.testng.reporters.JUnitXMLReporter -->
<testsuite hostname="LAPTOP-5DN4VF2K" ignored="0" name="Regression Test" tests="5" failures="0" timestamp="2022-12-12T22:00:09 GMT" time="46.57" errors="0">
  <testcase name="bankManagerShouldAddCustomerSuccessfully" time="1.091" classname="com.bank.testsuite.BankPageTest"/>
  <testcase name="bankManagerShouldOpenAccountSuccessfully" time="1.084" classname="com.bank.testsuite.BankPageTest"/>
  <testcase name="customerShouldDepositMoneySuccessfully" time="1.523" classname="com.bank.testsuite.BankPageTest"/>
  <testcase name="customerShouldLoginAndLogoutSuccessfully" time="1.148" classname="com.bank.testsuite.BankPageTest"/>
  <testcase name="customerShouldWithdrawMoneySuccessfully" time="10.169" classname="com.bank.testsuite.BankPageTest"/>
</testsuite> <!-- Regression Test -->
