<?xml version="1.0" encoding="UTF-8"?>
<!-- Generated by org.testng.reporters.JUnitXMLReporter -->
<testsuite hostname="LAPTOP-5DN4VF2K" ignored="0" name="Login Page Test" tests="5" failures="0" timestamp="2022-12-12T22:01:16 GMT" time="37.389" errors="0">
  <testcase name="bankManagerShouldAddCustomerSuccessfully" time="1.096" classname="com.bank.testsuite.BankPageTest"/>
  <testcase name="bankManagerShouldOpenAccountSuccessfully" time="1.03" classname="com.bank.testsuite.BankPageTest"/>
  <testcase name="customerShouldDepositMoneySuccessfully" time="1.318" classname="com.bank.testsuite.BankPageTest"/>
  <testcase name="customerShouldLoginAndLogoutSuccessfully" time="1.125" classname="com.bank.testsuite.BankPageTest"/>
  <testcase name="customerShouldWithdrawMoneySuccessfully" time="6.325" classname="com.bank.testsuite.BankPageTest"/>
</testsuite> <!-- Login Page Test -->
